<?xml version="1.0" encoding="UTF-8"?>
<testng-results ignored="0" total="1" passed="1" failed="0" skipped="0">
  <reporter-output>
  </reporter-output>
  <suite started-at="2020-02-02T09:50:56 IST" name="Default suite" finished-at="2020-02-02T09:51:13 IST" duration-ms="17376">
    <groups>
    </groups>
    <test started-at="2020-02-02T09:50:56 IST" name="Default test" finished-at="2020-02-02T09:51:13 IST" duration-ms="17376">
      <class name="testCases.BookFlightTest">
        <test-method is-config="true" signature="initDriver()[pri:0, instance:testCases.BookFlightTest@3e58a80e]" started-at="2020-02-02T09:50:56 IST" name="initDriver" finished-at="2020-02-02T09:51:06 IST" duration-ms="10020" status="PASS">
          <reporter-output>
          </reporter-output>
        </test-method> <!-- initDriver -->
        <test-method is-config="true" signature="initializePageClasses()[pri:0, instance:testCases.BookFlightTest@3e58a80e]" started-at="2020-02-02T09:51:06 IST" name="initializePageClasses" finished-at="2020-02-02T09:51:06 IST" duration-ms="32" status="PASS">
          <reporter-output>
          </reporter-output>
        </test-method> <!-- initializePageClasses -->
        <test-method signature="goToApplicationPage()[pri:1, instance:testCases.BookFlightTest@3e58a80e]" started-at="2020-02-02T09:51:06 IST" name="goToApplicationPage" description="Navigating to application page" finished-at="2020-02-02T09:51:13 IST" duration-ms="6550" status="PASS">
          <reporter-output>
          </reporter-output>
        </test-method> <!-- goToApplicationPage -->
        <test-method is-config="true" signature="tearDown()[pri:0, instance:testCases.BookFlightTest@3e58a80e]" started-at="2020-02-02T09:51:13 IST" name="tearDown" finished-at="2020-02-02T09:51:13 IST" duration-ms="732" status="PASS">
          <reporter-output>
          </reporter-output>
        </test-method> <!-- tearDown -->
      </class> <!-- testCases.BookFlightTest -->
    </test> <!-- Default test -->
  </suite> <!-- Default suite -->
</testng-results>
